<?xml version="1.0" encoding="UTF-8" ?>
<testsuite errors="0" failures="2" hostname="IBM412-R90K0JAR" name="SeleniumJunit.JunitSuiteRunner" skipped="0" tests="7" time="0.079" timestamp="2018-02-27T20:08:50">
  <properties>
    <property name="java.vendor" value="Oracle Corporation" />
    <property name="sun.java.launcher" value="SUN_STANDARD" />
    <property name="eclipse.pdebuild.templates" value="/C:/Users/IBM_ADMIN/eclipse/jee-neon/eclipse/../../../.p2/pool/plugins/org.eclipse.pde.build_3.9.200.v20160204-0642/templates/" />
    <property name="sun.management.compiler" value="HotSpot 64-Bit Tiered Compilers" />
    <property name="env.PROMPT" value="$P$G" />
    <property name="test.reportsDir" value="C:\Selenium_Workspace\Junit/rep/20180227-160847" />
    <property name="env.PD_SOCKET" value="6874" />
    <property name="os.name" value="Windows 7" />
    <property name="env.FP_NO_HOST_CHECK" value="NO" />
    <property name="sun.boot.class.path" value="C:\Program Files\Java\jre1.8.0_144\lib\resources.jar;C:\Program Files\Java\jre1.8.0_144\lib\rt.jar;C:\Program Files\Java\jre1.8.0_144\lib\sunrsasign.jar;C:\Program Files\Java\jre1.8.0_144\lib\jsse.jar;C:\Program Files\Java\jre1.8.0_144\lib\jce.jar;C:\Program Files\Java\jre1.8.0_144\lib\charsets.jar;C:\Program Files\Java\jre1.8.0_144\lib\jfr.jar;C:\Program Files\Java\jre1.8.0_144\classes" />
    <property name="ws.home" value="C:\Selenium_Workspace\Junit" />
    <property name="env.COMPUTERNAME" value="IBM412-R90K0JAR" />
    <property name="env.CommonProgramW6432" value="C:\Program Files\Common Files" />
    <property name="TODAY" value="February 27 2018" />
    <property name="env.ALLUSERSPROFILE" value="C:\ProgramData" />
    <property name="sun.desktop" value="windows" />
    <property name="env.COUCH_HOME" value="C:\Ignite\AutoInstall\Applications\IgniteBase\Software\Couch" />
    <property name="java.vm.specification.vendor" value="Oracle Corporation" />
    <property name="ant.home" value="C:\Users\IBM_ADMIN\.p2\pool\plugins\org.apache.ant_1.9.6.v201510161327" />
    <property name="java.runtime.version" value="1.8.0_144-b01" />
    <property name="env.HOMEPATH" value="\Users\IBM_ADMIN" />
    <property name="user.name" value="abirla" />
    <property name="env.SOUP_UI_HOME" value="C:\Ignite\AutoInstall\Applications\IgniteBase\Software\SoapUI" />
    <property name="env.M2_Home" value="C:\Ignite\AutoInstall\Applications\IgniteBase\Software\apache-maven-3.0.5" />
    <property name="user.language" value="en" />
    <property name="sun.boot.library.path" value="C:\Program Files\Java\jre1.8.0_144\bin" />
    <property name="ant.project.default-target" value="usage" />
    <property name="ant.project.name" value="JunitProject2" />
    <property name="DSTAMP" value="20180227" />
    <property name="env.SW_HOME" value="C:\Ignite\AutoInstall\Applications\IgniteBase\Software" />
    <property name="java.version" value="1.8.0_144" />
    <property name="env.PROCESSOR_IDENTIFIER" value="Intel64 Family 6 Model 61 Stepping 4, GenuineIntel" />
    <property name="user.timezone" value="" />
    <property name="env.TEMP" value="C:\Users\IBM_AD~1\AppData\Local\Temp" />
    <property name="sun.arch.data.model" value="64" />
    <property name="env.PDBASE" value="C:\Program Files\IBM\Infoprint Select" />
    <property name="java.endorsed.dirs" value="C:\Program Files\Java\jre1.8.0_144\lib\endorsed" />
    <property name="sun.cpu.isalist" value="amd64" />
    <property name="env.HOMEDRIVE" value="C:" />
    <property name="sun.jnu.encoding" value="Cp1252" />
    <property name="file.encoding.pkg" value="sun.io" />
    <property name="file.separator" value="\" />
    <property name="java.specification.name" value="Java Platform API Specification" />
    <property name="java.class.version" value="52.0" />
    <property name="user.country" value="US" />
    <property name="java.home" value="C:\Program Files\Java\jre1.8.0_144" />
    <property name="env.PSModulePath" value="C:\windows\system32\WindowsPowerShell\v1.0\Modules\" />
    <property name="env.APPDATA" value="C:\Users\IBM_ADMIN\AppData\Roaming" />
    <property name="env.PUBLIC" value="C:\Users\Public" />
    <property name="java.vm.info" value="mixed mode" />
    <property name="env.CATALINA_HOME" value="C:\Ignite\AutoInstall\Applications\IgniteBase\Software\apache-tomcat-8.0.33" />
    <property name="env.ComSpec" value="C:\windows\system32\cmd.exe" />
    <property name="env.OS" value="Windows_NT" />
    <property name="env.CommonProgramFiles" value="C:\Program Files\Common Files" />
    <property name="ant.file" value="C:\Selenium_Workspace\Junit\build.xml" />
    <property name="os.version" value="6.1" />
    <property name="env.ProgramW6432" value="C:\Program Files" />
    <property name="path.separator" value=";" />
    <property name="java.vm.version" value="25.144-b01" />
    <property name="user.variant" value="" />
    <property name="env.USERPROFILE" value="C:\Users\IBM_ADMIN" />
    <property name="ant.library.dir" value="C:\Users\IBM_ADMIN\.p2\pool\plugins\org.apache.ant_1.9.6.v201510161327\lib" />
    <property name="env.JAVA_HOME" value="C:\Program Files\Java\jdk1.8.0_144" />
    <property name="java.awt.printerjob" value="sun.awt.windows.WPrinterJob" />
    <property name="env.TMP" value="C:\Users\IBM_AD~1\AppData\Local\Temp" />
    <property name="sun.io.unicode.encoding" value="UnicodeLittle" />
    <property name="awt.toolkit" value="sun.awt.windows.WToolkit" />
    <property name="user.script" value="" />
    <property name="eclipse.pdebuild.scripts" value="/C:/Users/IBM_ADMIN/eclipse/jee-neon/eclipse/../../../.p2/pool/plugins/org.eclipse.pde.build_3.9.200.v20160204-0642/scripts/" />
    <property name="user.home" value="C:\Users\IBM_ADMIN" />
    <property name="test.dest" value="C:\Selenium_Workspace\Junit/build" />
    <property name="env.ProgramData" value="C:\ProgramData" />
    <property name="env.SESSIONNAME" value="Console" />
    <property name="env.ProgramFiles(x86)" value="C:\Program Files (x86)" />
    <property name="java.specification.vendor" value="Oracle Corporation" />
    <property name="java.library.path" value="C:\Program Files\Java\jre1.8.0_144\bin;C:\windows\Sun\Java\bin;C:\windows\system32;C:\windows;C:/Program Files/Java/jre1.8.0_144/bin/server;C:/Program Files/Java/jre1.8.0_144/bin;C:/Program Files/Java/jre1.8.0_144/lib/amd64;C:\ProgramData\Oracle\Java\javapath;C:\windows\system32;C:\windows;C:\windows\System32\Wbem;C:\windows\System32\WindowsPowerShell\v1.0\;C:\Program Files\IBM\Infoprint Select;C:\Users\IBM_ADMIN\ibm-java-jre-80-win-i386\jre\bin;C:\Program Files\PuTTY\;C:\Program Files (x86)\Skype\Phone\;C:\apache-ant-1.10.1\bin;C;C:\apache-maven-3.5.2\bin;C:\Program Files\Java\jre1.8.0_144\bin;C:\Program Files\Java\jdk1.8.0_144\bin;C:\Program Files (x86)\HPE\Unified Functional Testing\bin;C:\windows\system32\WindowsPowerShell\v1.0\;C:\ProgramData\Oracle\Java\javapath;C:\windows\system32;C:\windows;C:\windows\System32\Wbem;C:\windows\System32\WindowsPowerShell\v1.0\;C:\Program Files\IBM\Infoprint Select;C:\Users\IBM_ADMIN\ibm-java-jre-80-win-i386\jre\bin;C:\Program Files\PuTTY\;C:\Python27;C:\Users\IBM_ADMIN\AppData\Local\Box\Box Edit\;C:\Users\IBM_ADMIN\Downloads\Desktop;;." />
    <property name="java.vendor.url" value="http://java.oracle.com/" />
    <property name="env.NUMBER_OF_PROCESSORS" value="4" />
    <property name="java.vm.vendor" value="Oracle Corporation" />
    <property name="java.runtime.name" value="Java(TM) SE Runtime Environment" />
    <property name="env.WSO2_OAUTH_CLIENT_KEY" value="yWTDKzH0qSmEima7xcaioQwP1YYa" />
    <property name="ant.version" value="Apache Ant(TM) version 1.9.6 compiled on June 29 2015" />
    <property name="java.class.path" value="C:\Selenium_Workspace\Junit\build;C:\SeleniumJars\SaxonLiaison.jar;C:\SeleniumJars\commons-collections4-4.1-javadoc.jar;C:\SeleniumJars\commons-collections4-4.1.jar;C:\SeleniumJars\dom4j-1.1.jar;C:\SeleniumJars\junit-4.12.jar;C:\SeleniumJars\log4j-1.2.14.jar;C:\SeleniumJars\poi-3.6-20091214.jar;C:\SeleniumJars\poi-ooxml-3.6-20091214.jar;C:\SeleniumJars\poi-ooxml-schemas-3.6-20091214.jar;C:\SeleniumJars\saxon-8.7.jar;C:\SeleniumJars\selenium-server-standalone-2.53.1.jar;C:\SeleniumJars\xmlbeans-2.3.0.jar;C:\Users\IBM_ADMIN\.p2\pool\plugins\org.apache.ant_1.9.6.v201510161327\lib\ant-launcher.jar;C:\Users\IBM_ADMIN\.p2\pool\plugins\org.apache.ant_1.9.6.v201510161327\lib\ant.jar;C:\Users\IBM_ADMIN\.p2\pool\plugins\org.apache.ant_1.9.6.v201510161327\lib\ant-junit.jar;C:\Users\IBM_ADMIN\.p2\pool\plugins\org.apache.ant_1.9.6.v201510161327\lib\ant-junit4.jar" />
    <property name="sun.java.command" value="org.apache.tools.ant.taskdefs.optional.junit.JUnitTestRunner SeleniumJunit.JunitSuiteRunner skipNonTests=false filtertrace=true haltOnError=false haltOnFailure=false formatter=org.apache.tools.ant.taskdefs.optional.junit.SummaryJUnitResultFormatter showoutput=false outputtoformatters=true logfailedtests=true threadid=0 logtestlistenerevents=false formatter=org.apache.tools.ant.taskdefs.optional.junit.XMLJUnitResultFormatter,C:\Selenium_Workspace\Junit\rep\20180227-160847\TEST-SeleniumJunit.JunitSuiteRunner.xml crashfile=C:\Selenium_Workspace\Junit\junitvmwatcher8171749608854520823.properties propsfile=C:\Selenium_Workspace\Junit\junit7449546315046823521.properties" />
    <property name="TSTAMP" value="1608" />
    <property name="ws.jars" value="C:/SeleniumJars" />
    <property name="java.vm.specification.name" value="Java Virtual Machine Specification" />
    <property name="env.ST_INSTALL_PATH" value="C:\Program Files (x86)\HPE\Unified Functional Testing\" />
    <property name="env.windir" value="C:\windows" />
    <property name="env.LOGONSERVER" value="\\IBM412-R90K0JAR" />
    <property name="java.vm.specification.version" value="1.8" />
    <property name="env.PROCESSOR_ARCHITECTURE" value="AMD64" />
    <property name="sun.os.patch.level" value="Service Pack 1" />
    <property name="ant.file.JunitProject2" value="C:\Selenium_Workspace\Junit\build.xml" />
    <property name="sun.cpu.endian" value="little" />
    <property name="env.ProgramFiles" value="C:\Program Files" />
    <property name="env.ANT_HOME" value="C:\Users\IBM_ADMIN\.p2\pool\plugins\org.apache.ant_1.9.6.v201510161327" />
    <property name="env.PROCESSOR_REVISION" value="3d04" />
    <property name="eclipse.pdebuild.home" value="/C:/Users/IBM_ADMIN/eclipse/jee-neon/eclipse/../../../.p2/pool/plugins/org.eclipse.pde.build_3.9.200.v20160204-0642/./" />
    <property name="java.io.tmpdir" value="C:\Users\IBM_AD~1\AppData\Local\Temp\" />
    <property name="env.CommonProgramFiles(x86)" value="C:\Program Files (x86)\Common Files" />
    <property name="test.src" value="C:\Selenium_Workspace\Junit/src" />
    <property name="java.vendor.url.bug" value="http://bugreport.sun.com/bugreport/" />
    <property name="env.SystemRoot" value="C:\windows" />
    <property name="java.awt.graphicsenv" value="sun.awt.Win32GraphicsEnvironment" />
    <property name="os.arch" value="amd64" />
    <property name="env.LOCAL_MACHINE_IP" value="localhost" />
    <property name="java.ext.dirs" value="C:\Program Files\Java\jre1.8.0_144\lib\ext;C:\windows\Sun\Java\lib\ext" />
    <property name="env.LOCALAPPDATA" value="C:\Users\IBM_ADMIN\AppData\Local" />
    <property name="user.dir" value="C:\Selenium_Workspace\Junit" />
    <property name="env.MAVEN_HOME" value="C:\Ignite\AutoInstall\Applications\IgniteBase\Software\apache-maven-3.0.5" />
    <property name="line.separator" value="&#xd;&#xa;" />
    <property name="java.vm.name" value="Java HotSpot(TM) 64-Bit Server VM" />
    <property name="env.PATHEXT" value=".COM;.EXE;.BAT;.CMD;.VBS;.VBE;.JS;.JSE;.WSF;.WSH;.MSC" />
    <property name="env.Path" value="C:/Program Files/Java/jre1.8.0_144/bin/server;C:/Program Files/Java/jre1.8.0_144/bin;C:/Program Files/Java/jre1.8.0_144/lib/amd64;C:\ProgramData\Oracle\Java\javapath;C:\windows\system32;C:\windows;C:\windows\System32\Wbem;C:\windows\System32\WindowsPowerShell\v1.0\;C:\Program Files\IBM\Infoprint Select;C:\Users\IBM_ADMIN\ibm-java-jre-80-win-i386\jre\bin;C:\Program Files\PuTTY\;C:\Program Files (x86)\Skype\Phone\;C:\apache-ant-1.10.1\bin;C;C:\apache-maven-3.5.2\bin;C:\Program Files\Java\jre1.8.0_144\bin;C:\Program Files\Java\jdk1.8.0_144\bin;C:\Program Files (x86)\HPE\Unified Functional Testing\bin;C:\windows\system32\WindowsPowerShell\v1.0\;C:\ProgramData\Oracle\Java\javapath;C:\windows\system32;C:\windows;C:\windows\System32\Wbem;C:\windows\System32\WindowsPowerShell\v1.0\;C:\Program Files\IBM\Infoprint Select;C:\Users\IBM_ADMIN\ibm-java-jre-80-win-i386\jre\bin;C:\Program Files\PuTTY\;C:\Python27;C:\Users\IBM_ADMIN\AppData\Local\Box\Box Edit\;C:\Users\IBM_ADMIN\Downloads\Desktop;" />
    <property name="env.WSO2_HOME" value="C:\Ignite\AutoInstall\Applications\IgniteBase\Software\WSO2" />
    <property name="env.JRE_HOME" value="C:\Program Files\Java\jre1.8.0_144" />
    <property name="basedir" value="C:\Selenium_Workspace\Junit" />
    <property name="ant.java.version" value="1.8" />
    <property name="TODAY_MY" value="20180227-160847" />
    <property name="ant.core.lib" value="C:\Users\IBM_ADMIN\.p2\pool\plugins\org.apache.ant_1.9.6.v201510161327\lib\ant.jar" />
    <property name="env.USERNAME" value="abirla" />
    <property name="env.SystemDrive" value="C:" />
    <property name="file.encoding" value="Cp1252" />
    <property name="ant.file.type.JunitProject2" value="file" />
    <property name="env.COMMPath" value="C:\Program Files\Lenovo\Communications Utility" />
    <property name="env.USERDOMAIN" value="IBM412-R90K0JAR" />
    <property name="java.specification.version" value="1.8" />
    <property name="ant.project.invoked-targets" value="generateReport" />
    <property name="env.PROCESSOR_LEVEL" value="6" />
    <property name="env.VBOX_MSI_INSTALL_PATH" value="C:\Program Files\Oracle\VirtualBox\" />
  </properties>
  <testcase classname="SeleniumJunit.Testing" name="test1" time="0.002" />
  <testcase classname="SeleniumJunit.Testing" name="test2" time="0.0" />
  <testcase classname="SeleniumJunit.Testing" name="test3" time="0.0" />
  <testcase classname="SeleniumJunit.Testing2" name="test4" time="0.0" />
  <testcase classname="SeleniumJunit.Testing2" name="test5" time="0.0" />
  <testcase classname="SeleniumJunit.Testing3" name="test6" time="0.004">
    <failure type="junit.framework.AssertionFailedError">junit.framework.AssertionFailedError
	at SeleniumJunit.Testing3.test6(Testing3.java:27)
</failure>
  </testcase>
  <testcase classname="SeleniumJunit.Testing3" name="test7" time="0.002">
    <failure message="expected:&lt;[abc]&gt; but was:&lt;[xyz]&gt;" type="junit.framework.AssertionFailedError">junit.framework.AssertionFailedError: expected:&lt;[abc]&gt; but was:&lt;[xyz]&gt;
	at SeleniumJunit.Testing3.test7(Testing3.java:42)
</failure>
  </testcase>
  <system-out><![CDATA[I am before class
I am before 
I am test1
I am after
I am before 
I am test2
I am after
I am before 
I am test2
I am after
I am after class
I am test 4
I am test 5
I am before assert
I am after assert
I am in catch of test 6
I am 2nd assert of test 6
I am before assert
I am in catch of test 7
I am after assert
I am 2nd assert of test 7 
]]></system-out>
  <system-err><![CDATA[]]></system-err>
</testsuite>
